0 info it worked if it ends with ok
1 verbose cli [ '/usr/local/bin/node', '/usr/local/bin/npm', 'start' ]
2 info using npm@3.10.3
3 info using node@v6.3.1
4 verbose run-script [ 'prestart', 'start', 'poststart' ]
5 info lifecycle test-again@1.0.0~prestart: test-again@1.0.0
6 silly lifecycle test-again@1.0.0~prestart: no script for prestart, continuing
7 info lifecycle test-again@1.0.0~start: test-again@1.0.0
8 verbose lifecycle test-again@1.0.0~start: unsafe-perm in lifecycle true
9 verbose lifecycle test-again@1.0.0~start: PATH: /usr/local/lib/node_modules/npm/bin/node-gyp-bin:/Users/eli/git/angular-and-node-todo-list-with-components/node_modules/.bin:/usr/local/bin:/usr/local/bin:/usr/bin:/bin:/usr/sbin:/sbin:/Users/eli/machines:/Users/eli/bin/zeromq-2.2.0:/Users/eli/bin/mongodb/bin
10 verbose lifecycle test-again@1.0.0~start: CWD: /Users/eli/git/angular-and-node-todo-list-with-components
11 silly lifecycle test-again@1.0.0~start: Args: [ '-c', 'node app.js' ]
12 silly lifecycle test-again@1.0.0~start: Returned: code: 1  signal: null
13 info lifecycle test-again@1.0.0~start: Failed to exec start script
14 verbose stack Error: test-again@1.0.0 start: `node app.js`
14 verbose stack Exit status 1
14 verbose stack     at EventEmitter.<anonymous> (/usr/local/lib/node_modules/npm/lib/utils/lifecycle.js:242:16)
14 verbose stack     at emitTwo (events.js:106:13)
14 verbose stack     at EventEmitter.emit (events.js:191:7)
14 verbose stack     at ChildProcess.<anonymous> (/usr/local/lib/node_modules/npm/lib/utils/spawn.js:40:14)
14 verbose stack     at emitTwo (events.js:106:13)
14 verbose stack     at ChildProcess.emit (events.js:191:7)
14 verbose stack     at maybeClose (internal/child_process.js:852:16)
14 verbose stack     at Process.ChildProcess._handle.onexit (internal/child_process.js:215:5)
15 verbose pkgid test-again@1.0.0
16 verbose cwd /Users/eli/git/angular-and-node-todo-list-with-components
17 error Darwin 15.6.0
18 error argv "/usr/local/bin/node" "/usr/local/bin/npm" "start"
19 error node v6.3.1
20 error npm  v3.10.3
21 error code ELIFECYCLE
22 error test-again@1.0.0 start: `node app.js`
22 error Exit status 1
23 error Failed at the test-again@1.0.0 start script 'node app.js'.
23 error Make sure you have the latest version of node.js and npm installed.
23 error If you do, this is most likely a problem with the test-again package,
23 error not with npm itself.
23 error Tell the author that this fails on your system:
23 error     node app.js
23 error You can get information on how to open an issue for this project with:
23 error     npm bugs test-again
23 error Or if that isn't available, you can get their info via:
23 error     npm owner ls test-again
23 error There is likely additional logging output above.
24 verbose exit [ 1, true ]
